<?xml version="1.0" encoding="UTF-8"?>
<!-- Generated by org.testng.reporters.JUnitXMLReporter -->
<testsuite hostname="DESKTOP-UOOK2F9" name="Test" tests="2" failures="1" timestamp="6 Mar 2021 07:04:24 GMT" time="5.01" errors="0">
  <testcase name="loginTest" time="3.51" classname="demo.ExtentReportDemo2">
    <failure type="java.lang.AssertionError" message="expected [true] but found [false]">
      <![CDATA[java.lang.AssertionError: expected [true] but found [false]
	at demo.ExtentReportDemo2.loginTest(ExtentReportDemo2.java:43)
... Removed 28 stack frames]]>
    </failure>
  </testcase> <!-- loginTest -->
  <testcase name="loginTest" time="0.316" classname="demo.ExtentReportDemo"/>
</testsuite> <!-- Test -->
