<?xml version="1.0" encoding="UTF-8"?>
<testng-results ignored="0" total="2" passed="2" failed="0" skipped="0">
  <reporter-output>
  </reporter-output>
  <suite started-at="2021-02-27T08:33:24Z" name="Suite" finished-at="2021-02-27T08:33:28Z" duration-ms="3986">
    <groups>
    </groups>
    <test started-at="2021-02-27T08:33:24Z" name="Test" finished-at="2021-02-27T08:33:28Z" duration-ms="3986">
      <class name="demo.ExtentReportDemo">
        <test-method signature="loginTest()[pri:0, instance:demo.ExtentReportDemo@a3d8174]" started-at="2021-02-27T02:33:24Z" name="loginTest" finished-at="2021-02-27T02:33:24Z" duration-ms="350" status="PASS">
          <reporter-output>
          </reporter-output>
        </test-method> <!-- loginTest -->
      </class> <!-- demo.ExtentReportDemo -->
      <class name="demo.ExtentReportDemo2">
        <test-method is-config="true" signature="setup()[pri:0, instance:demo.ExtentReportDemo2@1ba9117e]" started-at="2021-02-27T02:33:24Z" name="setup" finished-at="2021-02-27T02:33:24Z" duration-ms="2" status="PASS">
          <reporter-output>
          </reporter-output>
        </test-method> <!-- setup -->
        <test-method signature="loginTest()[pri:0, instance:demo.ExtentReportDemo2@1ba9117e]" started-at="2021-02-27T02:33:24Z" name="loginTest" finished-at="2021-02-27T02:33:27Z" duration-ms="2925" status="PASS">
          <reporter-output>
          </reporter-output>
        </test-method> <!-- loginTest -->
        <test-method is-config="true" signature="tearDown(org.testng.ITestResult)[pri:0, instance:demo.ExtentReportDemo2@1ba9117e]" started-at="2021-02-27T02:33:27Z" name="tearDown" finished-at="2021-02-27T02:33:28Z" duration-ms="697" status="PASS">
          <params>
            <param index="0">
              <value>
                <![CDATA[[TestResult name=loginTest status=SUCCESS method=ExtentReportDemo2.loginTest()[pri:0, instance:demo.ExtentReportDemo2@1ba9117e] output={null}]]]>
              </value>
            </param>
          </params>
          <reporter-output>
          </reporter-output>
        </test-method> <!-- tearDown -->
      </class> <!-- demo.ExtentReportDemo2 -->
    </test> <!-- Test -->
  </suite> <!-- Suite -->
</testng-results>
