<?xml version="1.0" encoding="UTF-8"?>
<testng-results skipped="0" failed="0" ignored="0" total="1" passed="1">
  <reporter-output>
  </reporter-output>
  <suite name="Default suite" duration-ms="4633" started-at="2021-02-07T00:32:12Z" finished-at="2021-02-07T00:32:17Z">
    <groups>
    </groups>
    <test name="Default test" duration-ms="4633" started-at="2021-02-07T00:32:12Z" finished-at="2021-02-07T00:32:17Z">
      <class name="demo.ExtentReportDemo2">
        <test-method status="PASS" signature="setup()[pri:0, instance:demo.ExtentReportDemo2@7d68ef40]" name="setup" is-config="true" duration-ms="90" started-at="2021-02-06T18:32:12Z" finished-at="2021-02-06T18:32:13Z">
          <reporter-output>
          </reporter-output>
        </test-method> <!-- setup -->
        <test-method status="PASS" signature="loginTest()[pri:0, instance:demo.ExtentReportDemo2@7d68ef40]" name="loginTest" duration-ms="2905" started-at="2021-02-06T18:32:13Z" finished-at="2021-02-06T18:32:15Z">
          <reporter-output>
          </reporter-output>
        </test-method> <!-- loginTest -->
        <test-method status="PASS" signature="tearDown(org.testng.ITestResult)[pri:0, instance:demo.ExtentReportDemo2@7d68ef40]" name="tearDown" is-config="true" duration-ms="274" started-at="2021-02-06T18:32:15Z" finished-at="2021-02-06T18:32:16Z">
          <params>
            <param index="0">
              <value>
                <![CDATA[[TestResult name=loginTest status=SUCCESS method=ExtentReportDemo2.loginTest()[pri:0, instance:demo.ExtentReportDemo2@7d68ef40] output={null}]]]>
              </value>
            </param>
          </params>
          <reporter-output>
          </reporter-output>
        </test-method> <!-- tearDown -->
        <test-method status="PASS" signature="endReport()[pri:0, instance:demo.ExtentReportDemo2@7d68ef40]" name="endReport" is-config="true" duration-ms="1348" started-at="2021-02-06T18:32:16Z" finished-at="2021-02-06T18:32:17Z">
          <reporter-output>
          </reporter-output>
        </test-method> <!-- endReport -->
      </class> <!-- demo.ExtentReportDemo2 -->
    </test> <!-- Default test -->
  </suite> <!-- Default suite -->
</testng-results>
